[BUG]: [Errno 13] Permission denied: '.\\pyarmor_runtime_000000\\pyarmor_runtime.pyd'

## Command Line
C:\Users\Gary Chislett\AppData\Local\Programs\Python\Python311\Scripts\pyarmor gen -O . run_irrixa.py

## Environments
Python 3.11.8
Pyarmor 9.1.6 (trial), 000000, non-profits
Platform windows.x86_64
Native windows.amd64
Home C:\Users\Gary Chislett\.pyarmor

## Traceback
Traceback (most recent call last):
  File "C:\Users\Gary Chislett\AppData\Local\Programs\Python\Python311\Lib\site-packages\pyarmor\cli\__main__.py", line 793, in main
    main_entry(sys.argv[1:])
  File "C:\Users\Gary Chislett\AppData\Local\Programs\Python\Python311\Lib\site-packages\pyarmor\cli\__main__.py", line 786, in main_entry
    return args.func(ctx, args)
           ^^^^^^^^^^^^^^^^^^^^
  File "C:\Users\Gary Chislett\AppData\Local\Programs\Python\Python311\Lib\site-packages\pyarmor\cli\__main__.py", line 248, in cmd_gen
    builder.process(options)
  File "C:\Users\Gary Chislett\AppData\Local\Programs\Python\Python311\Lib\site-packages\pyarmor\cli\generate.py", line 184, in process
    self.generate_runtime_package(self.ctx.outputs[0])
  File "C:\Users\Gary Chislett\AppData\Local\Programs\Python\Python311\Lib\site-packages\pyarmor\cli\generate.py", line 100, in generate_runtime_package
    Pytransform3.generate_runtime_package(self.ctx, output)
  File "C:\Users\Gary Chislett\AppData\Local\Programs\Python\Python311\Lib\site-packages\pyarmor\cli\core\__init__.py", line 100, in generate_runtime_package
    return m.generate_runtime_package(ctx, output, platforms)
           ^^^^^^^^^^^^^^^^^^^^^^^^^^^^^^^^^^^^^^^^^^^^^^^^^^
  File "<maker>", line 720, in generate_runtime_package
  File "<maker>", line 446, in build
  File "<maker>", line 339, in patch_extension
PermissionError: [Errno 13] Permission denied: '.\\pyarmor_runtime_000000\\pyarmor_runtime.pyd'


